# JRE version: Java(TM) SE Runtime Environment (8.0_201-b09) (build 1.8.0_201-b09)
# Java VM: Java HotSpot(TM) 64-Bit Server VM (25.201-b09 mixed mode windows-amd64 compressed oops)
Heap:
 PSYoungGen      total 129536K, used 19061K [0x00000000d5e00000, 0x00000000de900000, 0x0000000100000000)
  eden space 117760K, 10% used [0x00000000d5e00000,0x00000000d6996ac8,0x00000000dd100000)
  from space 11776K, 61% used [0x00000000ddd80000,0x00000000de486b68,0x00000000de900000)
  to   space 12288K, 0% used [0x00000000dd100000,0x00000000dd100000,0x00000000ddd00000)
 ParOldGen       total 87552K, used 24731K [0x0000000081a00000, 0x0000000086f80000, 0x00000000d5e00000)
  object space 87552K, 28% used [0x0000000081a00000,0x0000000083226de0,0x0000000086f80000)
 Metaspace       used 20093K, capacity 20674K, committed 20736K, reserved 1067008K
  class space    used 2354K, capacity 2559K, committed 2560K, reserved 1048576K
GC Heap History (10 events):
Event: 3.132 GC heap before
{Heap before GC invocations=4 (full 0):
 PSYoungGen      total 38400K, used 38400K [0x00000000d5e00000, 0x00000000da900000, 0x0000000100000000)
  eden space 33280K, 100% used [0x00000000d5e00000,0x00000000d7e80000,0x00000000d7e80000)
  from space 5120K, 100% used [0x00000000d7e80000,0x00000000d8380000,0x00000000d8380000)
  to   space 5120K, 0% used [0x00000000da400000,0x00000000da400000,0x00000000da900000)
 ParOldGen       total 87552K, used 4909K [0x0000000081a00000, 0x0000000086f80000, 0x00000000d5e00000)
  object space 87552K, 5% used [0x0000000081a00000,0x0000000081ecb520,0x0000000086f80000)
 Metaspace       used 15107K, capacity 15354K, committed 15616K, reserved 1062912K
  class space    used 1841K, capacity 1945K, committed 2048K, reserved 1048576K
Event: 3.154 GC heap after
Heap after GC invocations=4 (full 0):
 PSYoungGen      total 71680K, used 5088K [0x00000000d5e00000, 0x00000000da900000, 0x0000000100000000)
  eden space 66560K, 0% used [0x00000000d5e00000,0x00000000d5e00000,0x00000000d9f00000)
  from space 5120K, 99% used [0x00000000da400000,0x00000000da8f8020,0x00000000da900000)
  to   space 5120K, 0% used [0x00000000d9f00000,0x00000000d9f00000,0x00000000da400000)
 ParOldGen       total 87552K, used 9825K [0x0000000081a00000, 0x0000000086f80000, 0x00000000d5e00000)
  object space 87552K, 11% used [0x0000000081a00000,0x0000000082398438,0x0000000086f80000)
 Metaspace       used 15107K, capacity 15354K, committed 15616K, reserved 1062912K
  class space    used 1841K, capacity 1945K, committed 2048K, reserved 1048576K
}
Event: 4.120 GC heap before
{Heap before GC invocations=5 (full 0):
 PSYoungGen      total 71680K, used 71648K [0x00000000d5e00000, 0x00000000da900000, 0x0000000100000000)
  eden space 66560K, 100% used [0x00000000d5e00000,0x00000000d9f00000,0x00000000d9f00000)
  from space 5120K, 99% used [0x00000000da400000,0x00000000da8f8020,0x00000000da900000)
  to   space 5120K, 0% used [0x00000000d9f00000,0x00000000d9f00000,0x00000000da400000)
 ParOldGen       total 87552K, used 9825K [0x0000000081a00000, 0x0000000086f80000, 0x00000000d5e00000)
  object space 87552K, 11% used [0x0000000081a00000,0x0000000082398438,0x0000000086f80000)
 Metaspace       used 15430K, capacity 15676K, committed 15872K, reserved 1062912K
  class space    used 1851K, capacity 1956K, committed 2048K, reserved 1048576K
Event: 4.136 GC heap after
Heap after GC invocations=5 (full 0):
 PSYoungGen      total 71680K, used 5104K [0x00000000d5e00000, 0x00000000da900000, 0x0000000100000000)
  eden space 66560K, 0% used [0x00000000d5e00000,0x00000000d5e00000,0x00000000d9f00000)
  from space 5120K, 99% used [0x00000000d9f00000,0x00000000da3fc010,0x00000000da400000)
  to   space 5120K, 0% used [0x00000000da400000,0x00000000da400000,0x00000000da900000)
 ParOldGen       total 87552K, used 15759K [0x0000000081a00000, 0x0000000086f80000, 0x00000000d5e00000)
  object space 87552K, 18% used [0x0000000081a00000,0x0000000082963e50,0x0000000086f80000)
 Metaspace       used 15430K, capacity 15676K, committed 15872K, reserved 1062912K
  class space    used 1851K, capacity 1956K, committed 2048K, reserved 1048576K
}
Event: 5.267 GC heap before
{Heap before GC invocations=6 (full 0):
 PSYoungGen      total 71680K, used 71664K [0x00000000d5e00000, 0x00000000da900000, 0x0000000100000000)
  eden space 66560K, 100% used [0x00000000d5e00000,0x00000000d9f00000,0x00000000d9f00000)
  from space 5120K, 99% used [0x00000000d9f00000,0x00000000da3fc010,0x00000000da400000)
  to   space 5120K, 0% used [0x00000000da400000,0x00000000da400000,0x00000000da900000)
 ParOldGen       total 87552K, used 15759K [0x0000000081a00000, 0x0000000086f80000, 0x00000000d5e00000)
  object space 87552K, 18% used [0x0000000081a00000,0x0000000082963e50,0x0000000086f80000)
 Metaspace       used 15773K, capacity 16066K, committed 16384K, reserved 1062912K
  class space    used 1852K, capacity 1957K, committed 2048K, reserved 1048576K
Event: 5.282 GC heap after
Heap after GC invocations=6 (full 0):
 PSYoungGen      total 64000K, used 5120K [0x00000000d5e00000, 0x00000000df900000, 0x0000000100000000)
  eden space 58880K, 0% used [0x00000000d5e00000,0x00000000d5e00000,0x00000000d9780000)
  from space 5120K, 100% used [0x00000000da400000,0x00000000da900000,0x00000000da900000)
  to   space 12800K, 0% used [0x00000000d9780000,0x00000000d9780000,0x00000000da400000)
 ParOldGen       total 87552K, used 20065K [0x0000000081a00000, 0x0000000086f80000, 0x00000000d5e00000)
  object space 87552K, 22% used [0x0000000081a00000,0x0000000082d98520,0x0000000086f80000)
 Metaspace       used 15773K, capacity 16066K, committed 16384K, reserved 1062912K
  class space    used 1852K, capacity 1957K, committed 2048K, reserved 1048576K
}
Event: 7.192 GC heap before
{Heap before GC invocations=7 (full 0):
 PSYoungGen      total 64000K, used 64000K [0x00000000d5e00000, 0x00000000df900000, 0x0000000100000000)
  eden space 58880K, 100% used [0x00000000d5e00000,0x00000000d9780000,0x00000000d9780000)
  from space 5120K, 100% used [0x00000000da400000,0x00000000da900000,0x00000000da900000)
  to   space 12800K, 0% used [0x00000000d9780000,0x00000000d9780000,0x00000000da400000)
 ParOldGen       total 87552K, used 20065K [0x0000000081a00000, 0x0000000086f80000, 0x00000000d5e00000)
  object space 87552K, 22% used [0x0000000081a00000,0x0000000082d98520,0x0000000086f80000)
 Metaspace       used 16960K, capacity 17452K, committed 17536K, reserved 1064960K
  class space    used 1963K, capacity 2097K, committed 2176K, reserved 1048576K
Event: 7.212 GC heap after
Heap after GC invocations=7 (full 0):
 PSYoungGen      total 71680K, used 6909K [0x00000000d5e00000, 0x00000000dea00000, 0x0000000100000000)
  eden space 58880K, 0% used [0x00000000d5e00000,0x00000000d5e00000,0x00000000d9780000)
  from space 12800K, 53% used [0x00000000d9780000,0x00000000d9e3f500,0x00000000da400000)
  to   space 12800K, 0% used [0x00000000ddd80000,0x00000000ddd80000,0x00000000dea00000)
 ParOldGen       total 87552K, used 22171K [0x0000000081a00000, 0x0000000086f80000, 0x00000000d5e00000)
  object space 87552K, 25% used [0x0000000081a00000,0x0000000082fa6de0,0x0000000086f80000)
 Metaspace       used 16960K, capacity 17452K, committed 17536K, reserved 1064960K
  class space    used 1963K, capacity 2097K, committed 2176K, reserved 1048576K
}
Event: 8.558 GC heap before
{Heap before GC invocations=8 (full 0):
 PSYoungGen      total 71680K, used 65789K [0x00000000d5e00000, 0x00000000dea00000, 0x0000000100000000)
  eden space 58880K, 100% used [0x00000000d5e00000,0x00000000d9780000,0x00000000d9780000)
  from space 12800K, 53% used [0x00000000d9780000,0x00000000d9e3f500,0x00000000da400000)
  to   space 12800K, 0% used [0x00000000ddd80000,0x00000000ddd80000,0x00000000dea00000)
 ParOldGen       total 87552K, used 22171K [0x0000000081a00000, 0x0000000086f80000, 0x00000000d5e00000)
  object space 87552K, 25% used [0x0000000081a00000,0x0000000082fa6de0,0x0000000086f80000)
 Metaspace       used 18108K, capacity 18544K, committed 18688K, reserved 1064960K
  class space    used 2077K, capacity 2209K, committed 2304K, reserved 1048576K
Event: 8.601 GC heap after
Heap after GC invocations=8 (full 0):
 PSYoungGen      total 129536K, used 7194K [0x00000000d5e00000, 0x00000000de900000, 0x0000000100000000)
  eden space 117760K, 0% used [0x00000000d5e00000,0x00000000d5e00000,0x00000000dd100000)
  from space 11776K, 61% used [0x00000000ddd80000,0x00000000de486b68,0x00000000de900000)
  to   space 12288K, 0% used [0x00000000dd100000,0x00000000dd100000,0x00000000ddd00000)
 ParOldGen       total 87552K, used 24731K [0x0000000081a00000, 0x0000000086f80000, 0x00000000d5e00000)
  object space 87552K, 28% used [0x0000000081a00000,0x0000000083226de0,0x0000000086f80000)
 Metaspace       used 18108K, capacity 18544K, committed 18688K, reserved 1064960K
  class space    used 2077K, capacity 2209K, committed 2304K, reserved 1048576K
}

